2025-12-06T04:08:25.929-05:00  INFO 40608 --- [backend] [restartedMain] com.venta.backend.BackendApplication     : Starting BackendApplication using Java 21.0.5 with PID 40608 (C:\Users\USER\Desktop\diseño proyecto\Mod-Ventas\backend\build\classes\java\main started by USER in C:\Users\USER\Desktop\diseño proyecto\Mod-Ventas\backend)
2025-12-06T04:08:25.939-05:00  INFO 40608 --- [backend] [restartedMain] com.venta.backend.BackendApplication     : No active profile set, falling back to 1 default profile: "default"
2025-12-06T04:08:52.688-05:00  WARN 40608 --- [backend] [restartedMain] JpaBaseConfiguration$JpaWebConfiguration : spring.jpa.open-in-view is enabled by default. Therefore, database queries may be performed during view rendering. Explicitly configure spring.jpa.open-in-view to disable this warning
2025-12-06T04:08:54.522-05:00  INFO 40608 --- [backend] [restartedMain] com.venta.backend.BackendApplication     : Started BackendApplication in 30.896 seconds (process running for 38.88)
2025-12-06T04:08:54.540-05:00  WARN 40608 --- [backend] [restartedMain] o.s.core.events.SpringDocAppInitializer  : SpringDoc /api-docs endpoint is enabled by default. To disable it in production, set the property 'springdoc.api-docs.enabled=false'
2025-12-06T04:08:54.543-05:00  WARN 40608 --- [backend] [restartedMain] o.s.core.events.SpringDocAppInitializer  : SpringDoc /docs endpoint is enabled by default. To disable it in production, set the property 'springdoc.swagger-ui.enabled=false'
2025-12-06T04:11:19.413-05:00  INFO 49540 --- [backend] [restartedMain] com.venta.backend.BackendApplication     : Starting BackendApplication using Java 21.0.5 with PID 49540 (C:\Users\USER\Desktop\diseño proyecto\Mod-Ventas\backend\build\classes\java\main started by USER in C:\Users\USER\Desktop\diseño proyecto\Mod-Ventas\backend)
2025-12-06T04:11:19.418-05:00  INFO 49540 --- [backend] [restartedMain] com.venta.backend.BackendApplication     : No active profile set, falling back to 1 default profile: "default"
2025-12-06T04:11:36.591-05:00  WARN 49540 --- [backend] [restartedMain] JpaBaseConfiguration$JpaWebConfiguration : spring.jpa.open-in-view is enabled by default. Therefore, database queries may be performed during view rendering. Explicitly configure spring.jpa.open-in-view to disable this warning
2025-12-06T04:11:37.960-05:00  INFO 49540 --- [backend] [restartedMain] com.venta.backend.BackendApplication     : Started BackendApplication in 19.631 seconds (process running for 21.17)
2025-12-06T04:11:37.967-05:00  WARN 49540 --- [backend] [restartedMain] o.s.core.events.SpringDocAppInitializer  : SpringDoc /api-docs endpoint is enabled by default. To disable it in production, set the property 'springdoc.api-docs.enabled=false'
2025-12-06T04:11:37.969-05:00  WARN 49540 --- [backend] [restartedMain] o.s.core.events.SpringDocAppInitializer  : SpringDoc /docs endpoint is enabled by default. To disable it in production, set the property 'springdoc.swagger-ui.enabled=false'
2025-12-06T04:12:23.874-05:00  INFO 53168 --- [backend] [restartedMain] com.venta.backend.BackendApplication     : Starting BackendApplication using Java 21.0.5 with PID 53168 (C:\Users\USER\Desktop\diseño proyecto\Mod-Ventas\backend\build\classes\java\main started by USER in C:\Users\USER\Desktop\diseño proyecto\Mod-Ventas\backend)
2025-12-06T04:12:23.880-05:00  INFO 53168 --- [backend] [restartedMain] com.venta.backend.BackendApplication     : No active profile set, falling back to 1 default profile: "default"
2025-12-06T04:12:38.498-05:00  WARN 53168 --- [backend] [restartedMain] JpaBaseConfiguration$JpaWebConfiguration : spring.jpa.open-in-view is enabled by default. Therefore, database queries may be performed during view rendering. Explicitly configure spring.jpa.open-in-view to disable this warning
2025-12-06T04:12:40.462-05:00  INFO 53168 --- [backend] [restartedMain] com.venta.backend.BackendApplication     : Started BackendApplication in 18.346 seconds (process running for 21.212)
2025-12-06T04:12:40.479-05:00  WARN 53168 --- [backend] [restartedMain] o.s.core.events.SpringDocAppInitializer  : SpringDoc /api-docs endpoint is enabled by default. To disable it in production, set the property 'springdoc.api-docs.enabled=false'
2025-12-06T04:12:40.483-05:00  WARN 53168 --- [backend] [restartedMain] o.s.core.events.SpringDocAppInitializer  : SpringDoc /docs endpoint is enabled by default. To disable it in production, set the property 'springdoc.swagger-ui.enabled=false'
2025-12-06 05:09:30.053 [NO-TRACE] [NO-USER] [restartedMain] INFO  c.venta.backend.BackendApplication - Starting BackendApplication using Java 21.0.5 with PID 40660 (C:\Users\USER\Desktop\diseño proyecto\Mod-Ventas\backend\build\classes\java\main started by USER in C:\Users\USER\Desktop\diseño proyecto\Mod-Ventas\backend)
2025-12-06 05:09:30.057 [NO-TRACE] [NO-USER] [restartedMain] INFO  c.venta.backend.BackendApplication - No active profile set, falling back to 1 default profile: "default"
2025-12-06 05:09:47.289 [NO-TRACE] [NO-USER] [restartedMain] WARN  o.s.b.a.o.j.JpaBaseConfiguration$JpaWebConfiguration - spring.jpa.open-in-view is enabled by default. Therefore, database queries may be performed during view rendering. Explicitly configure spring.jpa.open-in-view to disable this warning
2025-12-06 05:09:48.095 [NO-TRACE] [NO-USER] [restartedMain] INFO  c.venta.backend.BackendApplication - Started BackendApplication in 19.333 seconds (process running for 23.872)
2025-12-06 05:09:48.102 [NO-TRACE] [NO-USER] [restartedMain] WARN  o.s.c.events.SpringDocAppInitializer - SpringDoc /api-docs endpoint is enabled by default. To disable it in production, set the property 'springdoc.api-docs.enabled=false'
2025-12-06 05:09:48.104 [NO-TRACE] [NO-USER] [restartedMain] WARN  o.s.c.events.SpringDocAppInitializer - SpringDoc /docs endpoint is enabled by default. To disable it in production, set the property 'springdoc.swagger-ui.enabled=false'
2025-12-06 05:48:24.943 [NO-TRACE] [NO-USER] [restartedMain] INFO  c.venta.backend.BackendApplication - Starting BackendApplication using Java 21.0.5 with PID 40660 (C:\Users\USER\Desktop\diseño proyecto\Mod-Ventas\backend\build\classes\java\main started by USER in C:\Users\USER\Desktop\diseño proyecto\Mod-Ventas\backend)
2025-12-06 05:48:24.944 [NO-TRACE] [NO-USER] [restartedMain] INFO  c.venta.backend.BackendApplication - No active profile set, falling back to 1 default profile: "default"
2025-12-06 05:48:32.389 [NO-TRACE] [NO-USER] [restartedMain] WARN  o.s.b.a.o.j.JpaBaseConfiguration$JpaWebConfiguration - spring.jpa.open-in-view is enabled by default. Therefore, database queries may be performed during view rendering. Explicitly configure spring.jpa.open-in-view to disable this warning
2025-12-06 05:48:32.701 [NO-TRACE] [NO-USER] [restartedMain] INFO  c.venta.backend.BackendApplication - Started BackendApplication in 7.85 seconds (process running for 2348.478)
2025-12-06 05:48:32.703 [NO-TRACE] [NO-USER] [restartedMain] WARN  o.s.c.events.SpringDocAppInitializer - SpringDoc /api-docs endpoint is enabled by default. To disable it in production, set the property 'springdoc.api-docs.enabled=false'
2025-12-06 05:48:32.704 [NO-TRACE] [NO-USER] [restartedMain] WARN  o.s.c.events.SpringDocAppInitializer - SpringDoc /docs endpoint is enabled by default. To disable it in production, set the property 'springdoc.swagger-ui.enabled=false'
2025-12-06 05:48:34.956 [NO-TRACE] [NO-USER] [restartedMain] INFO  c.venta.backend.BackendApplication - Starting BackendApplication using Java 21.0.5 with PID 40660 (C:\Users\USER\Desktop\diseño proyecto\Mod-Ventas\backend\build\classes\java\main started by USER in C:\Users\USER\Desktop\diseño proyecto\Mod-Ventas\backend)
2025-12-06 05:48:34.957 [NO-TRACE] [NO-USER] [restartedMain] INFO  c.venta.backend.BackendApplication - No active profile set, falling back to 1 default profile: "default"
2025-12-06 05:48:43.728 [NO-TRACE] [NO-USER] [restartedMain] WARN  o.s.b.a.o.j.JpaBaseConfiguration$JpaWebConfiguration - spring.jpa.open-in-view is enabled by default. Therefore, database queries may be performed during view rendering. Explicitly configure spring.jpa.open-in-view to disable this warning
2025-12-06 05:48:46.013 [NO-TRACE] [NO-USER] [restartedMain] INFO  c.venta.backend.BackendApplication - Started BackendApplication in 11.164 seconds (process running for 2361.79)
2025-12-06 05:48:46.020 [NO-TRACE] [NO-USER] [restartedMain] WARN  o.s.c.events.SpringDocAppInitializer - SpringDoc /api-docs endpoint is enabled by default. To disable it in production, set the property 'springdoc.api-docs.enabled=false'
2025-12-06 05:48:46.020 [NO-TRACE] [NO-USER] [restartedMain] WARN  o.s.c.events.SpringDocAppInitializer - SpringDoc /docs endpoint is enabled by default. To disable it in production, set the property 'springdoc.swagger-ui.enabled=false'
2025-12-06 06:01:47.776 [NO-TRACE] [NO-USER] [restartedMain] INFO  c.venta.backend.BackendApplication - Starting BackendApplication using Java 21.0.5 with PID 27612 (C:\Users\USER\Desktop\diseño proyecto\Mod-Ventas\backend\build\classes\java\main started by USER in C:\Users\USER\Desktop\diseño proyecto\Mod-Ventas\backend)
2025-12-06 06:01:47.781 [NO-TRACE] [NO-USER] [restartedMain] INFO  c.venta.backend.BackendApplication - No active profile set, falling back to 1 default profile: "default"
2025-12-06 06:02:20.042 [NO-TRACE] [NO-USER] [restartedMain] WARN  o.s.b.a.o.j.JpaBaseConfiguration$JpaWebConfiguration - spring.jpa.open-in-view is enabled by default. Therefore, database queries may be performed during view rendering. Explicitly configure spring.jpa.open-in-view to disable this warning
2025-12-06 06:02:22.583 [NO-TRACE] [NO-USER] [restartedMain] INFO  c.venta.backend.BackendApplication - Started BackendApplication in 41.282 seconds (process running for 46.733)
2025-12-06 06:02:22.594 [NO-TRACE] [NO-USER] [restartedMain] WARN  o.s.c.events.SpringDocAppInitializer - SpringDoc /api-docs endpoint is enabled by default. To disable it in production, set the property 'springdoc.api-docs.enabled=false'
2025-12-06 06:02:22.597 [NO-TRACE] [NO-USER] [restartedMain] WARN  o.s.c.events.SpringDocAppInitializer - SpringDoc /docs endpoint is enabled by default. To disable it in production, set the property 'springdoc.swagger-ui.enabled=false'
2025-12-06 06:41:43.583 [338d77f0] [ANONYMOUS] [http-nio-8080-exec-5] WARN  o.s.w.s.m.m.a.ExceptionHandlerExceptionResolver - Resolved [java.time.temporal.UnsupportedTemporalTypeException: Unsupported field: HourOfDay]
2025-12-06 06:41:43.683 [4e73d119] [ANONYMOUS] [http-nio-8080-exec-8] WARN  o.s.w.s.m.m.a.ExceptionHandlerExceptionResolver - Resolved [org.springframework.web.servlet.resource.NoResourceFoundException: No static resource favicon.ico.]
2025-12-06 06:42:59.406 [NO-TRACE] [NO-USER] [restartedMain] INFO  c.venta.backend.BackendApplication - Starting BackendApplication using Java 21.0.5 with PID 50440 (C:\Users\USER\Desktop\diseño proyecto\Mod-Ventas\backend\build\classes\java\main started by USER in C:\Users\USER\Desktop\diseño proyecto\Mod-Ventas\backend)
2025-12-06 06:42:59.415 [NO-TRACE] [NO-USER] [restartedMain] INFO  c.venta.backend.BackendApplication - No active profile set, falling back to 1 default profile: "default"
2025-12-06 06:43:15.040 [NO-TRACE] [NO-USER] [restartedMain] WARN  o.s.b.a.o.j.JpaBaseConfiguration$JpaWebConfiguration - spring.jpa.open-in-view is enabled by default. Therefore, database queries may be performed during view rendering. Explicitly configure spring.jpa.open-in-view to disable this warning
2025-12-06 06:43:17.385 [NO-TRACE] [NO-USER] [restartedMain] INFO  c.venta.backend.BackendApplication - Started BackendApplication in 19.193 seconds (process running for 20.759)
2025-12-06 06:43:17.395 [NO-TRACE] [NO-USER] [restartedMain] WARN  o.s.c.events.SpringDocAppInitializer - SpringDoc /api-docs endpoint is enabled by default. To disable it in production, set the property 'springdoc.api-docs.enabled=false'
2025-12-06 06:43:17.398 [NO-TRACE] [NO-USER] [restartedMain] WARN  o.s.c.events.SpringDocAppInitializer - SpringDoc /docs endpoint is enabled by default. To disable it in production, set the property 'springdoc.swagger-ui.enabled=false'
2025-12-06 06:43:41.939 [c0562673] [ANONYMOUS] [http-nio-8080-exec-10] WARN  o.s.w.s.m.m.a.ExceptionHandlerExceptionResolver - Resolved [java.time.temporal.UnsupportedTemporalTypeException: Unsupported field: HourOfDay]
2025-12-06 06:45:12.334 [82886f62] [ANONYMOUS] [http-nio-8080-exec-6] WARN  o.s.w.s.m.m.a.ExceptionHandlerExceptionResolver - Resolved [java.time.temporal.UnsupportedTemporalTypeException: Unsupported field: HourOfDay]
2025-12-06 06:45:12.421 [0ddc5144] [ANONYMOUS] [http-nio-8080-exec-5] WARN  o.s.w.s.m.m.a.ExceptionHandlerExceptionResolver - Resolved [org.springframework.web.servlet.resource.NoResourceFoundException: No static resource favicon.ico.]
2025-12-06 06:45:22.168 [e9d9ba13] [ANONYMOUS] [http-nio-8080-exec-8] WARN  o.s.w.s.m.m.a.ExceptionHandlerExceptionResolver - Resolved [java.time.temporal.UnsupportedTemporalTypeException: Unsupported field: HourOfDay]
2025-12-06 06:45:22.267 [b70dcf05] [ANONYMOUS] [http-nio-8080-exec-7] WARN  o.s.w.s.m.m.a.ExceptionHandlerExceptionResolver - Resolved [org.springframework.web.servlet.resource.NoResourceFoundException: No static resource favicon.ico.]
2025-12-06 06:45:28.551 [1a510bc9] [ANONYMOUS] [http-nio-8080-exec-9] WARN  o.s.w.s.m.m.a.ExceptionHandlerExceptionResolver - Resolved [java.time.temporal.UnsupportedTemporalTypeException: Unsupported field: HourOfDay]
2025-12-06 06:45:28.623 [f4182163] [ANONYMOUS] [http-nio-8080-exec-10] WARN  o.s.w.s.m.m.a.ExceptionHandlerExceptionResolver - Resolved [org.springframework.web.servlet.resource.NoResourceFoundException: No static resource favicon.ico.]
2025-12-06 06:52:44.366 [NO-TRACE] [NO-USER] [restartedMain] INFO  c.venta.backend.BackendApplication - Starting BackendApplication using Java 21.0.5 with PID 50440 (C:\Users\USER\Desktop\diseño proyecto\Mod-Ventas\backend\build\classes\java\main started by USER in C:\Users\USER\Desktop\diseño proyecto\Mod-Ventas\backend)
2025-12-06 06:52:44.366 [NO-TRACE] [NO-USER] [restartedMain] INFO  c.venta.backend.BackendApplication - No active profile set, falling back to 1 default profile: "default"
2025-12-06 06:52:50.867 [NO-TRACE] [NO-USER] [restartedMain] WARN  o.s.b.w.s.c.AnnotationConfigServletWebServerApplicationContext - Exception encountered during context initialization - cancelling refresh attempt: org.springframework.beans.factory.UnsatisfiedDependencyException: Error creating bean with name 'ventaController' defined in file [C:\Users\USER\Desktop\diseño proyecto\Mod-Ventas\backend\build\classes\java\main\com\venta\backend\venta\controller\VentaController.class]: Unsatisfied dependency expressed through constructor parameter 0: No qualifying bean of type 'com.venta.backend.venta.servicios.IVentaCarritoService' available: expected at least 1 bean which qualifies as autowire candidate. Dependency annotations: {}
2025-12-06 06:52:51.138 [NO-TRACE] [NO-USER] [restartedMain] ERROR o.s.b.d.LoggingFailureAnalysisReporter - 

***************************
APPLICATION FAILED TO START
***************************

Description:

Parameter 0 of constructor in com.venta.backend.venta.controller.VentaController required a bean of type 'com.venta.backend.venta.servicios.IVentaCarritoService' that could not be found.


Action:

Consider defining a bean of type 'com.venta.backend.venta.servicios.IVentaCarritoService' in your configuration.

2025-12-06 06:52:52.991 [NO-TRACE] [NO-USER] [restartedMain] INFO  c.venta.backend.BackendApplication - Starting BackendApplication using Java 21.0.5 with PID 50440 (C:\Users\USER\Desktop\diseño proyecto\Mod-Ventas\backend\build\classes\java\main started by USER in C:\Users\USER\Desktop\diseño proyecto\Mod-Ventas\backend)
2025-12-06 06:52:52.992 [NO-TRACE] [NO-USER] [restartedMain] INFO  c.venta.backend.BackendApplication - No active profile set, falling back to 1 default profile: "default"
2025-12-06 06:52:57.591 [NO-TRACE] [NO-USER] [restartedMain] WARN  o.s.b.a.o.j.JpaBaseConfiguration$JpaWebConfiguration - spring.jpa.open-in-view is enabled by default. Therefore, database queries may be performed during view rendering. Explicitly configure spring.jpa.open-in-view to disable this warning
2025-12-06 06:52:58.155 [NO-TRACE] [NO-USER] [restartedMain] INFO  c.venta.backend.BackendApplication - Started BackendApplication in 5.282 seconds (process running for 601.529)
2025-12-06 06:52:58.159 [NO-TRACE] [NO-USER] [restartedMain] WARN  o.s.c.events.SpringDocAppInitializer - SpringDoc /api-docs endpoint is enabled by default. To disable it in production, set the property 'springdoc.api-docs.enabled=false'
2025-12-06 06:52:58.160 [NO-TRACE] [NO-USER] [restartedMain] WARN  o.s.c.events.SpringDocAppInitializer - SpringDoc /docs endpoint is enabled by default. To disable it in production, set the property 'springdoc.swagger-ui.enabled=false'
2025-12-06 07:08:43.944 [921f578b] [ANONYMOUS] [http-nio-8080-exec-4] WARN  o.s.w.s.m.m.a.ExceptionHandlerExceptionResolver - Resolved [java.lang.IllegalStateException: Duplicate key 5 (attempted merging values GuardarProductosRequest.ProductoCarrito(idProducto=5, nombreProducto=Internet 300Mbps, precioUnitario=149.99, cantidad=1) and GuardarProductosRequest.ProductoCarrito(idProducto=5, nombreProducto=Internet 300Mbps, precioUnitario=149.99, cantidad=1))]
2025-12-06 07:09:05.008 [NO-TRACE] [NO-USER] [restartedMain] INFO  c.venta.backend.BackendApplication - Starting BackendApplication using Java 21.0.5 with PID 50440 (C:\Users\USER\Desktop\diseño proyecto\Mod-Ventas\backend\build\classes\java\main started by USER in C:\Users\USER\Desktop\diseño proyecto\Mod-Ventas\backend)
2025-12-06 07:09:05.009 [NO-TRACE] [NO-USER] [restartedMain] INFO  c.venta.backend.BackendApplication - No active profile set, falling back to 1 default profile: "default"
2025-12-06 07:09:12.110 [NO-TRACE] [NO-USER] [restartedMain] WARN  o.s.b.a.o.j.JpaBaseConfiguration$JpaWebConfiguration - spring.jpa.open-in-view is enabled by default. Therefore, database queries may be performed during view rendering. Explicitly configure spring.jpa.open-in-view to disable this warning
2025-12-06 07:09:12.989 [NO-TRACE] [NO-USER] [restartedMain] INFO  c.venta.backend.BackendApplication - Started BackendApplication in 8.095 seconds (process running for 1576.363)
2025-12-06 07:09:12.997 [NO-TRACE] [NO-USER] [restartedMain] WARN  o.s.c.events.SpringDocAppInitializer - SpringDoc /api-docs endpoint is enabled by default. To disable it in production, set the property 'springdoc.api-docs.enabled=false'
2025-12-06 07:09:12.997 [NO-TRACE] [NO-USER] [restartedMain] WARN  o.s.c.events.SpringDocAppInitializer - SpringDoc /docs endpoint is enabled by default. To disable it in production, set the property 'springdoc.swagger-ui.enabled=false'
2025-12-06 07:09:13.501 [c3e3b91d] [ANONYMOUS] [http-nio-8080-exec-2] WARN  o.s.w.s.m.m.a.ExceptionHandlerExceptionResolver - Resolved [org.springframework.web.servlet.resource.NoResourceFoundException: No static resource api/venta/90/guardar-productos.]
2025-12-06 07:10:44.728 [NO-TRACE] [NO-USER] [restartedMain] INFO  c.venta.backend.BackendApplication - Starting BackendApplication using Java 21.0.5 with PID 25788 (C:\Users\USER\Desktop\diseño proyecto\Mod-Ventas\backend\build\classes\java\main started by USER in C:\Users\USER\Desktop\diseño proyecto\Mod-Ventas\backend)
2025-12-06 07:10:44.730 [NO-TRACE] [NO-USER] [restartedMain] INFO  c.venta.backend.BackendApplication - No active profile set, falling back to 1 default profile: "default"
2025-12-06 07:10:52.971 [NO-TRACE] [NO-USER] [restartedMain] WARN  o.s.b.a.o.j.JpaBaseConfiguration$JpaWebConfiguration - spring.jpa.open-in-view is enabled by default. Therefore, database queries may be performed during view rendering. Explicitly configure spring.jpa.open-in-view to disable this warning
2025-12-06 07:10:53.684 [NO-TRACE] [NO-USER] [restartedMain] INFO  c.venta.backend.BackendApplication - Started BackendApplication in 10.468 seconds (process running for 12.446)
2025-12-06 07:10:53.690 [NO-TRACE] [NO-USER] [restartedMain] WARN  o.s.c.events.SpringDocAppInitializer - SpringDoc /api-docs endpoint is enabled by default. To disable it in production, set the property 'springdoc.api-docs.enabled=false'
2025-12-06 07:10:53.692 [NO-TRACE] [NO-USER] [restartedMain] WARN  o.s.c.events.SpringDocAppInitializer - SpringDoc /docs endpoint is enabled by default. To disable it in production, set the property 'springdoc.swagger-ui.enabled=false'
2025-12-06 07:58:14.631 [NO-TRACE] [NO-USER] [HikariPool-1:housekeeper] WARN  com.zaxxer.hikari.pool.PoolBase - HikariPool-1 - Failed to validate connection com.mysql.cj.jdbc.ConnectionImpl@18e35a4e (No operations allowed after connection closed.). Possibly consider using a shorter maxLifetime value.
2025-12-06 09:16:11.693 [ee4c3185] [ANONYMOUS] [http-nio-8080-exec-1] WARN  o.h.e.jdbc.spi.SqlExceptionHelper - SQL Error: 1364, SQLState: HY000
2025-12-06 09:16:11.693 [e9de6ce3] [ANONYMOUS] [http-nio-8080-exec-9] WARN  o.h.e.jdbc.spi.SqlExceptionHelper - SQL Error: 1364, SQLState: HY000
2025-12-06 09:16:11.694 [ee4c3185] [ANONYMOUS] [http-nio-8080-exec-1] ERROR o.h.e.jdbc.spi.SqlExceptionHelper - Field 'id_item_producto' doesn't have a default value
2025-12-06 09:16:11.694 [e9de6ce3] [ANONYMOUS] [http-nio-8080-exec-9] ERROR o.h.e.jdbc.spi.SqlExceptionHelper - Field 'id_item_producto' doesn't have a default value
2025-12-06 09:16:12.105 [ee4c3185] [ANONYMOUS] [http-nio-8080-exec-1] WARN  o.s.w.s.m.m.a.ExceptionHandlerExceptionResolver - Resolved [org.springframework.orm.jpa.JpaSystemException: could not execute statement [Field 'id_item_producto' doesn't have a default value] [insert into detalle_venta (cantidad,descuento_monto,id_producto,nombre_producto,precio_unitario,subtotal,id_venta) values (?,?,?,?,?,?,?)]]
2025-12-06 09:16:12.105 [e9de6ce3] [ANONYMOUS] [http-nio-8080-exec-9] WARN  o.s.w.s.m.m.a.ExceptionHandlerExceptionResolver - Resolved [org.springframework.orm.jpa.JpaSystemException: could not execute statement [Field 'id_item_producto' doesn't have a default value] [insert into detalle_venta (cantidad,descuento_monto,id_producto,nombre_producto,precio_unitario,subtotal,id_venta) values (?,?,?,?,?,?,?)]]
2025-12-06 09:22:32.077 [bf1fb793] [ANONYMOUS] [http-nio-8080-exec-2] WARN  o.h.e.jdbc.spi.SqlExceptionHelper - SQL Error: 1364, SQLState: HY000
2025-12-06 09:22:32.077 [bf1fb793] [ANONYMOUS] [http-nio-8080-exec-2] ERROR o.h.e.jdbc.spi.SqlExceptionHelper - Field 'id_item_producto' doesn't have a default value
2025-12-06 09:22:32.397 [bf1fb793] [ANONYMOUS] [http-nio-8080-exec-2] WARN  o.s.w.s.m.m.a.ExceptionHandlerExceptionResolver - Resolved [org.springframework.orm.jpa.JpaSystemException: could not execute statement [Field 'id_item_producto' doesn't have a default value] [insert into detalle_venta (cantidad,descuento_monto,id_producto,nombre_producto,precio_unitario,subtotal,id_venta) values (?,?,?,?,?,?,?)]]
2025-12-06 09:22:32.462 [b0a5457d] [ANONYMOUS] [http-nio-8080-exec-10] WARN  o.h.e.jdbc.spi.SqlExceptionHelper - SQL Error: 1364, SQLState: HY000
2025-12-06 09:22:32.462 [b0a5457d] [ANONYMOUS] [http-nio-8080-exec-10] ERROR o.h.e.jdbc.spi.SqlExceptionHelper - Field 'id_item_producto' doesn't have a default value
2025-12-06 09:22:32.792 [b0a5457d] [ANONYMOUS] [http-nio-8080-exec-10] WARN  o.s.w.s.m.m.a.ExceptionHandlerExceptionResolver - Resolved [org.springframework.orm.jpa.JpaSystemException: could not execute statement [Field 'id_item_producto' doesn't have a default value] [insert into detalle_venta (cantidad,descuento_monto,id_producto,nombre_producto,precio_unitario,subtotal,id_venta) values (?,?,?,?,?,?,?)]]
2025-12-06 09:22:33.375 [8641a63b] [ANONYMOUS] [http-nio-8080-exec-3] WARN  o.s.w.s.m.m.a.ExceptionHandlerExceptionResolver - Resolved [java.lang.IllegalStateException: Duplicate key null (attempted merging values GuardarProductosRequest.ProductoCarrito(idProducto=null, nombreProducto=Internet 300Mbps, precioUnitario=149.99, cantidad=1) and GuardarProductosRequest.ProductoCarrito(idProducto=null, nombreProducto=iPhone 14 Pro, precioUnitario=4500, cantidad=1))]
2025-12-06 09:22:35.870 [339c3e46] [ANONYMOUS] [http-nio-8080-exec-4] WARN  o.s.w.s.m.m.a.ExceptionHandlerExceptionResolver - Resolved [java.lang.IllegalStateException: Duplicate key null (attempted merging values GuardarProductosRequest.ProductoCarrito(idProducto=null, nombreProducto=Internet 300Mbps, precioUnitario=149.99, cantidad=1) and GuardarProductosRequest.ProductoCarrito(idProducto=null, nombreProducto=iPhone 14 Pro, precioUnitario=4500, cantidad=1))]
2025-12-06 09:26:00.966 [1eec6085] [ANONYMOUS] [http-nio-8080-exec-6] WARN  o.s.w.s.m.m.a.ExceptionHandlerExceptionResolver - Resolved [java.lang.IllegalStateException: Duplicate key null (attempted merging values GuardarProductosRequest.ProductoCarrito(idProducto=null, nombreProducto=Internet 300Mbps, precioUnitario=149.99, cantidad=1) and GuardarProductosRequest.ProductoCarrito(idProducto=null, nombreProducto=iPhone 14 Pro, precioUnitario=4500, cantidad=1))]
2025-12-06 09:26:27.272 [b8192e9d] [ANONYMOUS] [http-nio-8080-exec-7] WARN  o.s.w.s.m.m.a.ExceptionHandlerExceptionResolver - Resolved [java.lang.IllegalStateException: Duplicate key null (attempted merging values GuardarProductosRequest.ProductoCarrito(idProducto=null, nombreProducto=Internet 300Mbps, precioUnitario=149.99, cantidad=1) and GuardarProductosRequest.ProductoCarrito(idProducto=null, nombreProducto=iPhone 14 Pro, precioUnitario=4500, cantidad=1))]
2025-12-06 09:29:50.994 [NO-TRACE] [NO-USER] [restartedMain] INFO  c.venta.backend.BackendApplication - Starting BackendApplication using Java 21.0.5 with PID 30480 (C:\Users\USER\Desktop\diseño proyecto\Mod-Ventas\backend\build\classes\java\main started by USER in C:\Users\USER\Desktop\diseño proyecto\Mod-Ventas\backend)
2025-12-06 09:29:50.999 [NO-TRACE] [NO-USER] [restartedMain] INFO  c.venta.backend.BackendApplication - No active profile set, falling back to 1 default profile: "default"
2025-12-06 09:30:11.389 [NO-TRACE] [NO-USER] [restartedMain] WARN  o.s.b.a.o.j.JpaBaseConfiguration$JpaWebConfiguration - spring.jpa.open-in-view is enabled by default. Therefore, database queries may be performed during view rendering. Explicitly configure spring.jpa.open-in-view to disable this warning
2025-12-06 09:30:13.754 [NO-TRACE] [NO-USER] [restartedMain] INFO  c.venta.backend.BackendApplication - Started BackendApplication in 24.29 seconds (process running for 26.19)
2025-12-06 09:30:13.770 [NO-TRACE] [NO-USER] [restartedMain] WARN  o.s.c.events.SpringDocAppInitializer - SpringDoc /api-docs endpoint is enabled by default. To disable it in production, set the property 'springdoc.api-docs.enabled=false'
2025-12-06 09:30:13.773 [NO-TRACE] [NO-USER] [restartedMain] WARN  o.s.c.events.SpringDocAppInitializer - SpringDoc /docs endpoint is enabled by default. To disable it in production, set the property 'springdoc.swagger-ui.enabled=false'
2025-12-06 10:09:05.865 [NO-TRACE] [NO-USER] [restartedMain] INFO  c.venta.backend.BackendApplication - Starting BackendApplication using Java 21.0.5 with PID 53360 (C:\Users\USER\Desktop\diseño proyecto\Mod-Ventas\backend\build\classes\java\main started by USER in C:\Users\USER\Desktop\diseño proyecto\Mod-Ventas\backend)
2025-12-06 10:09:05.873 [NO-TRACE] [NO-USER] [restartedMain] INFO  c.venta.backend.BackendApplication - No active profile set, falling back to 1 default profile: "default"
2025-12-06 10:09:27.747 [NO-TRACE] [NO-USER] [restartedMain] WARN  o.s.b.a.o.j.JpaBaseConfiguration$JpaWebConfiguration - spring.jpa.open-in-view is enabled by default. Therefore, database queries may be performed during view rendering. Explicitly configure spring.jpa.open-in-view to disable this warning
2025-12-06 10:09:30.098 [NO-TRACE] [NO-USER] [restartedMain] INFO  c.venta.backend.BackendApplication - Started BackendApplication in 26.958 seconds (process running for 29.541)
2025-12-06 10:09:30.120 [NO-TRACE] [NO-USER] [restartedMain] WARN  o.s.c.events.SpringDocAppInitializer - SpringDoc /api-docs endpoint is enabled by default. To disable it in production, set the property 'springdoc.api-docs.enabled=false'
2025-12-06 10:09:30.123 [NO-TRACE] [NO-USER] [restartedMain] WARN  o.s.c.events.SpringDocAppInitializer - SpringDoc /docs endpoint is enabled by default. To disable it in production, set the property 'springdoc.swagger-ui.enabled=false'
2025-12-06 10:35:27.873 [NO-TRACE] [NO-USER] [HikariPool-1:housekeeper] WARN  com.zaxxer.hikari.pool.HikariPool - HikariPool-1 - Thread starvation or clock leap detected (housekeeper delta=21m7s904ms514µs800ns).
2025-12-06 10:35:30.717 [NO-TRACE] [NO-USER] [HikariPool-1:housekeeper] WARN  com.zaxxer.hikari.pool.PoolBase - HikariPool-1 - Failed to validate connection com.mysql.cj.jdbc.ConnectionImpl@4e3b40b3 (No operations allowed after connection closed.). Possibly consider using a shorter maxLifetime value.
2025-12-06 10:35:30.723 [NO-TRACE] [NO-USER] [HikariPool-1:housekeeper] WARN  com.zaxxer.hikari.pool.PoolBase - HikariPool-1 - Failed to validate connection com.mysql.cj.jdbc.ConnectionImpl@4db3a39d (No operations allowed after connection closed.). Possibly consider using a shorter maxLifetime value.
2025-12-06 10:35:30.727 [NO-TRACE] [NO-USER] [HikariPool-1:housekeeper] WARN  com.zaxxer.hikari.pool.PoolBase - HikariPool-1 - Failed to validate connection com.mysql.cj.jdbc.ConnectionImpl@59194c40 (No operations allowed after connection closed.). Possibly consider using a shorter maxLifetime value.
2025-12-06 10:35:30.729 [NO-TRACE] [NO-USER] [HikariPool-1:housekeeper] WARN  com.zaxxer.hikari.pool.PoolBase - HikariPool-1 - Failed to validate connection com.mysql.cj.jdbc.ConnectionImpl@7c7b217e (No operations allowed after connection closed.). Possibly consider using a shorter maxLifetime value.
2025-12-06 10:35:30.734 [NO-TRACE] [NO-USER] [HikariPool-1:housekeeper] WARN  com.zaxxer.hikari.pool.PoolBase - HikariPool-1 - Failed to validate connection com.mysql.cj.jdbc.ConnectionImpl@46a13e4b (No operations allowed after connection closed.). Possibly consider using a shorter maxLifetime value.
2025-12-06 10:35:30.743 [NO-TRACE] [NO-USER] [HikariPool-1:housekeeper] WARN  com.zaxxer.hikari.pool.PoolBase - HikariPool-1 - Failed to validate connection com.mysql.cj.jdbc.ConnectionImpl@16ded249 (No operations allowed after connection closed.). Possibly consider using a shorter maxLifetime value.
2025-12-06 10:35:30.758 [NO-TRACE] [NO-USER] [HikariPool-1:housekeeper] WARN  com.zaxxer.hikari.pool.PoolBase - HikariPool-1 - Failed to validate connection com.mysql.cj.jdbc.ConnectionImpl@5b6f79e (No operations allowed after connection closed.). Possibly consider using a shorter maxLifetime value.
2025-12-06 10:35:30.775 [NO-TRACE] [NO-USER] [HikariPool-1:housekeeper] WARN  com.zaxxer.hikari.pool.PoolBase - HikariPool-1 - Failed to validate connection com.mysql.cj.jdbc.ConnectionImpl@20634687 (No operations allowed after connection closed.). Possibly consider using a shorter maxLifetime value.
2025-12-06 10:35:30.784 [NO-TRACE] [NO-USER] [HikariPool-1:housekeeper] WARN  com.zaxxer.hikari.pool.PoolBase - HikariPool-1 - Failed to validate connection com.mysql.cj.jdbc.ConnectionImpl@6f7f77a6 (No operations allowed after connection closed.). Possibly consider using a shorter maxLifetime value.
2025-12-06 10:35:30.805 [NO-TRACE] [NO-USER] [HikariPool-1:housekeeper] WARN  com.zaxxer.hikari.pool.PoolBase - HikariPool-1 - Failed to validate connection com.mysql.cj.jdbc.ConnectionImpl@f53ac9a (No operations allowed after connection closed.). Possibly consider using a shorter maxLifetime value.
2025-12-06 10:42:38.137 [NO-TRACE] [NO-USER] [restartedMain] INFO  c.venta.backend.BackendApplication - Starting BackendApplication using Java 21.0.5 with PID 53360 (C:\Users\USER\Desktop\diseño proyecto\Mod-Ventas\backend\build\classes\java\main started by USER in C:\Users\USER\Desktop\diseño proyecto\Mod-Ventas\backend)
2025-12-06 10:42:38.138 [NO-TRACE] [NO-USER] [restartedMain] INFO  c.venta.backend.BackendApplication - No active profile set, falling back to 1 default profile: "default"
2025-12-06 10:42:49.000 [NO-TRACE] [NO-USER] [restartedMain] WARN  o.s.b.a.o.j.JpaBaseConfiguration$JpaWebConfiguration - spring.jpa.open-in-view is enabled by default. Therefore, database queries may be performed during view rendering. Explicitly configure spring.jpa.open-in-view to disable this warning
2025-12-06 10:42:50.199 [NO-TRACE] [NO-USER] [restartedMain] INFO  c.venta.backend.BackendApplication - Started BackendApplication in 12.381 seconds (process running for 2029.641)
2025-12-06 10:42:50.206 [NO-TRACE] [NO-USER] [restartedMain] WARN  o.s.c.events.SpringDocAppInitializer - SpringDoc /api-docs endpoint is enabled by default. To disable it in production, set the property 'springdoc.api-docs.enabled=false'
2025-12-06 10:42:50.206 [NO-TRACE] [NO-USER] [restartedMain] WARN  o.s.c.events.SpringDocAppInitializer - SpringDoc /docs endpoint is enabled by default. To disable it in production, set the property 'springdoc.swagger-ui.enabled=false'
2025-12-06 10:42:53.456 [NO-TRACE] [NO-USER] [restartedMain] INFO  c.venta.backend.BackendApplication - Starting BackendApplication using Java 21.0.5 with PID 53360 (C:\Users\USER\Desktop\diseño proyecto\Mod-Ventas\backend\build\classes\java\main started by USER in C:\Users\USER\Desktop\diseño proyecto\Mod-Ventas\backend)
2025-12-06 10:42:53.459 [NO-TRACE] [NO-USER] [restartedMain] INFO  c.venta.backend.BackendApplication - No active profile set, falling back to 1 default profile: "default"
2025-12-06 10:43:01.375 [NO-TRACE] [NO-USER] [restartedMain] WARN  o.s.b.a.o.j.JpaBaseConfiguration$JpaWebConfiguration - spring.jpa.open-in-view is enabled by default. Therefore, database queries may be performed during view rendering. Explicitly configure spring.jpa.open-in-view to disable this warning
2025-12-06 10:43:02.466 [NO-TRACE] [NO-USER] [restartedMain] INFO  c.venta.backend.BackendApplication - Started BackendApplication in 9.216 seconds (process running for 2041.908)
2025-12-06 10:43:02.471 [NO-TRACE] [NO-USER] [restartedMain] WARN  o.s.c.events.SpringDocAppInitializer - SpringDoc /api-docs endpoint is enabled by default. To disable it in production, set the property 'springdoc.api-docs.enabled=false'
2025-12-06 10:43:02.472 [NO-TRACE] [NO-USER] [restartedMain] WARN  o.s.c.events.SpringDocAppInitializer - SpringDoc /docs endpoint is enabled by default. To disable it in production, set the property 'springdoc.swagger-ui.enabled=false'
2025-12-06 10:43:15.979 [f76a1431] [ANONYMOUS] [http-nio-8080-exec-1] INFO  c.v.b.v.controller.VentaController - Obteniendo resumen del carrito [Venta ID: 92]
2025-12-06 10:43:17.590 [4875d237] [ANONYMOUS] [http-nio-8080-exec-2] INFO  c.v.b.v.controller.VentaController - Obteniendo resumen del carrito [Venta ID: 92]
2025-12-06 10:46:30.749 [NO-TRACE] [NO-USER] [restartedMain] INFO  c.venta.backend.BackendApplication - Starting BackendApplication using Java 21.0.5 with PID 42640 (C:\Users\USER\Desktop\diseño proyecto\Mod-Ventas\backend\build\classes\java\main started by USER in C:\Users\USER\Desktop\diseño proyecto\Mod-Ventas\backend)
2025-12-06 10:46:30.758 [NO-TRACE] [NO-USER] [restartedMain] INFO  c.venta.backend.BackendApplication - No active profile set, falling back to 1 default profile: "default"
2025-12-06 10:46:40.132 [NO-TRACE] [NO-USER] [restartedMain] WARN  o.s.b.a.o.j.JpaBaseConfiguration$JpaWebConfiguration - spring.jpa.open-in-view is enabled by default. Therefore, database queries may be performed during view rendering. Explicitly configure spring.jpa.open-in-view to disable this warning
2025-12-06 10:46:41.924 [NO-TRACE] [NO-USER] [restartedMain] INFO  c.venta.backend.BackendApplication - Started BackendApplication in 13.061 seconds (process running for 16.684)
2025-12-06 10:46:41.945 [NO-TRACE] [NO-USER] [restartedMain] WARN  o.s.c.events.SpringDocAppInitializer - SpringDoc /api-docs endpoint is enabled by default. To disable it in production, set the property 'springdoc.api-docs.enabled=false'
2025-12-06 10:46:41.950 [NO-TRACE] [NO-USER] [restartedMain] WARN  o.s.c.events.SpringDocAppInitializer - SpringDoc /docs endpoint is enabled by default. To disable it in production, set the property 'springdoc.swagger-ui.enabled=false'
2025-12-06 10:52:56.563 [bce9cfba] [ANONYMOUS] [http-nio-8080-exec-1] INFO  c.v.b.v.controller.VentaController - Obteniendo resumen del carrito [Venta ID: 93]
2025-12-06 10:52:58.254 [2613857b] [ANONYMOUS] [http-nio-8080-exec-2] INFO  c.v.b.v.controller.VentaController - Obteniendo resumen del carrito [Venta ID: 93]
2025-12-06 10:53:15.505 [8e81625c] [ANONYMOUS] [http-nio-8080-exec-4] INFO  c.v.b.v.controller.VentaController - Obteniendo resumen del carrito [Venta ID: 93]
2025-12-06 10:53:16.789 [45eaa603] [ANONYMOUS] [http-nio-8080-exec-3] INFO  c.v.b.v.controller.VentaController - Obteniendo resumen del carrito [Venta ID: 93]
2025-12-06 10:53:34.359 [2b525cf2] [ANONYMOUS] [http-nio-8080-exec-5] INFO  c.v.b.v.controller.VentaController - Obteniendo resumen del carrito [Venta ID: 93]
2025-12-06 10:53:35.646 [3dd0b8a1] [ANONYMOUS] [http-nio-8080-exec-6] INFO  c.v.b.v.controller.VentaController - Obteniendo resumen del carrito [Venta ID: 93]
2025-12-06 10:54:10.917 [c985990d] [ANONYMOUS] [http-nio-8080-exec-8] INFO  c.v.b.v.controller.VentaController - Guardando productos de la venta - Cantidad items: 0 [Venta ID: 93]
2025-12-06 10:54:11.301 [c985990d] [ANONYMOUS] [http-nio-8080-exec-8] INFO  c.v.b.v.impl.VentaCarritoServiceImpl - Sincronizando productos del carrito - Items: 0 [Venta ID: 93]
2025-12-06 10:54:11.664 [c985990d] [ANONYMOUS] [http-nio-8080-exec-8] INFO  c.v.b.v.impl.VentaCarritoServiceImpl - Productos guardados y totales recalculados [Venta ID: 93]
2025-12-06 10:54:13.220 [12e8dfa8] [ANONYMOUS] [http-nio-8080-exec-9] INFO  c.v.b.v.controller.VentaController - Calculando totales [Venta ID: 93]
